[21:41:03] [Datafixer Bootstrap/INFO]: 287 Datafixer optimizations took 400 milliseconds
[21:41:07] [Render thread/INFO]: Environment: Environment[sessionHost=https://sessionserver.mojang.com, servicesHost=https://api.minecraftservices.com, profilesHost=https://api.mojang.com, name=PROD]
[21:41:07] [Render thread/INFO]: Setting user: FunKhalifa
[21:41:07] [Render thread/INFO]: Backend library: LWJGL version 3.3.3+5
[21:41:08] [Render thread/INFO]: Using optional rendering extensions: GL_ARB_buffer_storage, GL_KHR_debug, GL_ARB_vertex_attrib_binding, GL_ARB_direct_state_access, GL_EXT_texture_filter_anisotropic
[21:41:08] [Render thread/INFO]: Reloading ResourceManager: vanilla
[21:41:08] [Worker-Main-2/INFO]: Found unifont_all_no_pua-17.0.01.hex, loading
[21:41:08] [Worker-Main-5/INFO]: Found unifont_pua-17.0.01.hex, loading
[21:41:08] [Worker-Main-5/INFO]: Found unifont_jp_patch-17.0.01.hex, loading
[21:41:09] [Render thread/INFO]: OpenAL initialized on device Family 17h/19h HD Audio Controller Estéreo analógico
[21:41:09] [Render thread/INFO]: Sound engine started
[21:41:09] [Render thread/INFO]: Created: 512x256x0 minecraft:textures/atlas/particles.png-atlas
[21:41:09] [Render thread/INFO]: Created: 128x128x0 minecraft:textures/atlas/decorated_pot.png-atlas
[21:41:09] [Render thread/INFO]: Created: 2048x1024x0 minecraft:textures/atlas/armor_trims.png-atlas
[21:41:09] [Render thread/INFO]: Created: 512x256x0 minecraft:textures/atlas/paintings.png-atlas
[21:41:09] [Render thread/INFO]: Created: 1024x512x0 minecraft:textures/atlas/shield_patterns.png-atlas
[21:41:09] [Render thread/INFO]: Created: 2048x2048x4 minecraft:textures/atlas/blocks.png-atlas
[21:41:09] [Render thread/INFO]: Created: 512x512x0 minecraft:textures/atlas/chest.png-atlas
[21:41:09] [Render thread/INFO]: Created: 256x128x0 minecraft:textures/atlas/celestials.png-atlas
[21:41:09] [Render thread/INFO]: Created: 1024x512x0 minecraft:textures/atlas/banner_patterns.png-atlas
[21:41:09] [Render thread/INFO]: Created: 512x512x0 minecraft:textures/atlas/beds.png-atlas
[21:41:09] [Render thread/INFO]: Created: 1024x512x0 minecraft:textures/atlas/items.png-atlas
[21:41:10] [Render thread/INFO]: Created: 1024x1024x0 minecraft:textures/atlas/gui.png-atlas
[21:41:10] [Render thread/INFO]: Created: 128x64x0 minecraft:textures/atlas/map_decorations.png-atlas
[21:41:10] [Render thread/INFO]: Created: 512x256x0 minecraft:textures/atlas/signs.png-atlas
[21:41:10] [Render thread/INFO]: Created: 512x512x0 minecraft:textures/atlas/shulker_boxes.png-atlas
[21:41:17] [Render thread/ERROR]: ########## GL ERROR ##########
[21:41:17] [Render thread/ERROR]: @ Render
[21:41:17] [Render thread/ERROR]: 65547: X11: Standard cursor shape unavailable
[21:41:19] [Render thread/INFO]: Stopping!
